
[Log Startup at 11:00:43]
(Ver:-10.0.25095.1000)2024-10-10 11:00:43.268 (Error) Denso  ::  DL_VCTDashobard AfterSubpectedLotDataDetails() [PRC_AFTER_SUP_LOT_DATA]: - Could not find stored procedure 'PRC_AFTER_SUP_LOT_DATA'.
(Ver:-10.0.25095.1000)2024-10-10 11:00:43.424 (Error) Denso  ::  VCTDashboard _SHOWDETIALS()  -  User-  VCT Could not find stored procedure 'PRC_AFTER_SUP_LOT_DATA'.
(Ver:-10.0.25095.1000)2024-10-10 11:00:45.682 (Error) Show NG Lot - Thread was being aborted.
(Ver:-10.0.25095.1000)2024-10-10 11:00:46.332 (Error) Denso  ::  DL_VCTDashobard ShowDetails() []: - An insufficient number of arguments were supplied for the procedure or function dbo.get_perfomance_tbl.
(Ver:-10.0.25095.1000)2024-10-10 11:00:46.452 (Error) Denso  ::  VCTDashboard _Page_Load()  -  User-  VCT An insufficient number of arguments were supplied for the procedure or function dbo.get_perfomance_tbl.
(Ver:-10.0.25095.1000)2024-10-10 11:00:58.713 (Error) Denso  ::  GroupRights _BtnBack_Click()  -  User-  VCT Thread was being aborted.
(Ver:-10.0.25095.1000)2024-10-10 11:01:13.361 (Error) Denso  ::  DL_VCTDashobard AfterSubpectedLotDataDetails() [PRC_AFTER_SUP_LOT_DATA]: - Could not find stored procedure 'PRC_AFTER_SUP_LOT_DATA'.
(Ver:-10.0.25095.1000)2024-10-10 11:01:13.491 (Error) Denso  ::  VCTDashboard _SHOWDETIALS()  -  User-  VCT Could not find stored procedure 'PRC_AFTER_SUP_LOT_DATA'.
(Ver:-10.0.25095.1000)2024-10-10 11:01:15.105 (Error) Show NG Lot - Thread was being aborted.
(Ver:-10.0.25095.1000)2024-10-10 11:01:38.220 (Error) Denso  ::  DL_VCTDashobard ShowDetails() []: - An insufficient number of arguments were supplied for the procedure or function dbo.get_perfomance_tbl.
(Ver:-10.0.25095.1000)2024-10-10 11:03:03.998 (Error) Denso  ::  VCTDashboard _Page_Load()  -  User-  VCT An insufficient number of arguments were supplied for the procedure or function dbo.get_perfomance_tbl.
(Ver:-10.0.25095.1000)2024-10-10 11:03:36.614 (Error) Denso  ::  GroupRights _BtnBack_Click()  -  User-  VCT Thread was being aborted.
(Ver:-10.0.25095.1000)2024-10-10 11:04:06.388 (Error) Denso  ::  DL_VCTDashobard AfterSubpectedLotDataDetails() [PRC_AFTER_SUP_LOT_DATA]: - Could not find stored procedure 'PRC_AFTER_SUP_LOT_DATA'.
(Ver:-10.0.25095.1000)2024-10-10 11:04:06.544 (Error) Denso  ::  VCTDashboard _SHOWDETIALS()  -  User-  VCT Could not find stored procedure 'PRC_AFTER_SUP_LOT_DATA'.
(Ver:-10.0.25095.1000)2024-10-10 11:04:08.007 (Error) Show NG Lot - Thread was being aborted.
(Ver:-10.0.25095.1000)2024-10-10 11:07:54.320 (Error) Denso  ::  DL_VCTDashobard ShowDetails() []: - An insufficient number of arguments were supplied for the procedure or function dbo.get_perfomance_tbl.
(Ver:-10.0.25095.1000)2024-10-10 11:07:54.544 (Error) Denso  ::  VCTDashboard _Page_Load()  -  User-  VCT An insufficient number of arguments were supplied for the procedure or function dbo.get_perfomance_tbl.
(Ver:-10.0.25095.1000)2024-10-10 11:08:05.274 (Error) Denso  ::  GroupRights _BtnBack_Click()  -  User-  VCT Thread was being aborted.
(Ver:-10.0.25095.1000)2024-10-10 11:08:31.244 (Error) Denso  ::  DL_VCTDashobard AfterSubpectedLotDataDetails() [PRC_AFTER_SUP_LOT_DATA]: - Could not find stored procedure 'PRC_AFTER_SUP_LOT_DATA'.
(Ver:-10.0.25095.1000)2024-10-10 11:08:31.406 (Error) Denso  ::  VCTDashboard _SHOWDETIALS()  -  User-  VCT Could not find stored procedure 'PRC_AFTER_SUP_LOT_DATA'.
(Ver:-10.0.25095.1000)2024-10-10 11:08:33.541 (Error) Show NG Lot - Thread was being aborted.
(Ver:-10.0.25095.1000)2024-10-10 11:14:56.336 (Error) Denso  ::  DL_VCTDashobard ShowDetails() []: - Invalid object name 'tblviewperformance'.
(Ver:-10.0.25095.1000)2024-10-10 11:14:56.659 (Error) Denso  ::  VCTDashboard _Page_Load()  -  User-  VCT Invalid object name 'tblviewperformance'.
(Ver:-10.0.25095.1000)2024-10-10 11:15:06.220 (Error) Denso  ::  GroupRights _BtnBack_Click()  -  User-  VCT Thread was being aborted.
(Ver:-10.0.25095.1000)2024-10-10 11:15:52.305 (Error) Denso  ::  DL_VCTDashobard AfterSubpectedLotDataDetails() [PRC_AFTER_SUP_LOT_DATA]: - Could not find stored procedure 'PRC_AFTER_SUP_LOT_DATA'.
(Ver:-10.0.25095.1000)2024-10-10 11:15:52.492 (Error) Denso  ::  VCTDashboard _SHOWDETIALS()  -  User-  VCT Could not find stored procedure 'PRC_AFTER_SUP_LOT_DATA'.
(Ver:-10.0.25095.1000)2024-10-10 11:15:54.838 (Error) Show NG Lot - Thread was being aborted.
(Ver:-10.0.25095.1000)2024-10-10 11:16:03.266 (Error) Denso  ::  DL_VCTDashobard ShowDetails() []: - An insufficient number of arguments were supplied for the procedure or function dbo.get_perfomance_tbl.
(Ver:-10.0.25095.1000)2024-10-10 11:16:03.380 (Error) Denso  ::  VCTDashboard _Page_Load()  -  User-  VCT An insufficient number of arguments were supplied for the procedure or function dbo.get_perfomance_tbl.
(Ver:-10.0.25095.1000)2024-10-10 11:16:34.543 (Error) Denso  ::  GroupRights _BtnBack_Click()  -  User-  VCT Thread was being aborted.
(Ver:-10.0.25095.1000)2024-10-10 11:16:49.294 (Error) Denso  ::  DL_VCTDashobard AfterSubpectedLotDataDetails() [PRC_AFTER_SUP_LOT_DATA]: - Could not find stored procedure 'PRC_AFTER_SUP_LOT_DATA'.
(Ver:-10.0.25095.1000)2024-10-10 11:16:49.465 (Error) Denso  ::  VCTDashboard _SHOWDETIALS()  -  User-  VCT Could not find stored procedure 'PRC_AFTER_SUP_LOT_DATA'.
(Ver:-10.0.25095.1000)2024-10-10 11:16:51.357 (Error) Show NG Lot - Thread was being aborted.
(Ver:-10.0.25095.1000)2024-10-10 11:17:04.551 (Error) Denso  ::  DL_VCTDashobard ShowDetails() []: - An insufficient number of arguments were supplied for the procedure or function dbo.get_perfomance_tbl.
(Ver:-10.0.25095.1000)2024-10-10 11:19:50.071 (Error) Denso  ::  VCTDashboard _Page_Load()  -  User-  VCT An insufficient number of arguments were supplied for the procedure or function dbo.get_perfomance_tbl.
(Ver:-10.0.25095.1000)2024-10-10 11:20:00.368 (Error) Denso  ::  GroupRights _BtnBack_Click()  -  User-  VCT Thread was being aborted.
(Ver:-10.0.25095.1000)2024-10-10 11:20:38.477 (Error) Denso  ::  DL_VCTDashobard AfterSubpectedLotDataDetails() [PRC_AFTER_SUP_LOT_DATA]: - Could not find stored procedure 'PRC_AFTER_SUP_LOT_DATA'.
(Ver:-10.0.25095.1000)2024-10-10 11:20:38.616 (Error) Denso  ::  VCTDashboard _SHOWDETIALS()  -  User-  VCT Could not find stored procedure 'PRC_AFTER_SUP_LOT_DATA'.
(Ver:-10.0.25095.1000)2024-10-10 11:20:40.371 (Error) Show NG Lot - Thread was being aborted.
